<?xml version="1.0" encoding="UTF-8"?>
<!-- Generated by org.testng.reporters.JUnitReportReporter -->
<testsuite hostname="DESKTOP-M4KQKAD" failures="0" tests="1" name="test.NewTest" time="15.010" errors="0" timestamp="2022-11-28T09:50:27 IST" skipped="0">
  <testcase classname="test.NewTest" name="letsKodeitPractice" time="15.010"/>
  <system-out/>
</testsuite> <!-- test.NewTest -->
