<?xml version="1.0" encoding="UTF-8"?>
<!-- Generated by org.testng.reporters.JUnitReportReporter -->
<testsuite hostname="DESKTOP-M4KQKAD" failures="0" tests="1" name="test.loginTest" time="11.350" errors="0" timestamp="2022-12-19T19:50:02 IST" skipped="0">
  <testcase classname="test.loginTest" name="main" time="11.350"/>
  <system-out/>
</testsuite> <!-- test.loginTest -->
