<?xml version="1.0" encoding="UTF-8"?>
<!-- Generated by org.testng.reporters.JUnitReportReporter -->
<testsuite hostname="DESKTOP-M4KQKAD" failures="0" tests="4" name="test.Testclass1" time="6.034" errors="0" timestamp="2022-12-09T23:17:38 IST" skipped="0">
  <testcase classname="test.Testclass1" name="method2" time="2.012"/>
  <system-out/>
  <testcase classname="test.Testclass1" name="method3" time="2.002"/>
  <system-out/>
  <testcase classname="test.Testclass1" name="f" time="0.014"/>
  <system-out/>
  <testcase classname="test.Testclass1" name="method1" time="2.006"/>
  <system-out/>
</testsuite> <!-- test.Testclass1 -->
