<?xml version="1.0" encoding="UTF-8"?>
<!-- Generated by org.testng.reporters.JUnitReportReporter -->
<testsuite hostname="DESKTOP-M4KQKAD" failures="0" tests="1" name="test.allinOneTest" time="40.538" errors="0" timestamp="2023-04-26T23:11:27 IST" skipped="0">
  <testcase classname="test.allinOneTest" name="loginTest" time="40.538"/>
  <system-out/>
</testsuite> <!-- test.allinOneTest -->
