<?xml version="1.0" encoding="UTF-8"?>
<!-- Generated by org.testng.reporters.JUnitReportReporter -->
<testsuite hostname="DESKTOP-M4KQKAD" failures="0" tests="1" name="test.uploadingFileTest" time="22.711" errors="0" timestamp="2022-12-26T21:36:56 IST" skipped="0">
  <testcase classname="test.uploadingFileTest" name="fileUpload" time="22.711"/>
  <system-out/>
</testsuite> <!-- test.uploadingFileTest -->
