<?xml version="1.0" encoding="UTF-8"?>
<!-- Generated by org.testng.reporters.JUnitReportReporter -->
<testsuite hostname="DESKTOP-M4KQKAD" failures="0" tests="1" name="test.Testclass2" time="2.022" errors="0" timestamp="2023-04-19T23:49:25 IST" skipped="0">
  <testcase classname="test.Testclass2" name="Method1" time="2.022"/>
  <system-out/>
</testsuite> <!-- test.Testclass2 -->
