<?xml version="1.0" encoding="UTF-8"?>
<!-- Generated by org.testng.reporters.JUnitReportReporter -->
<testsuite hostname="DESKTOP-M4KQKAD" failures="0" tests="2" name="test.Dataproviderclass" time="44.410" errors="0" timestamp="2022-12-21T23:26:27 IST" skipped="0">
  <testcase classname="test.Dataproviderclass" name="lognTest" time="21.236"/>
  <system-out/>
  <testcase classname="test.Dataproviderclass" name="lognTest" time="23.174"/>
  <system-out/>
</testsuite> <!-- test.Dataproviderclass -->
