<?xml version="1.0" encoding="UTF-8"?>
<!-- Generated by org.testng.reporters.JUnitReportReporter -->
<testsuite hostname="DESKTOP-M4KQKAD" failures="0" tests="4" name="test.Testclass3" time="6.049" errors="0" timestamp="2022-12-09T23:17:38 IST" skipped="0">
  <testcase classname="test.Testclass3" name="method1" time="2.007"/>
  <system-out/>
  <testcase classname="test.Testclass3" name="method2" time="2.013"/>
  <system-out/>
  <testcase classname="test.Testclass3" name="f" time="0.013"/>
  <system-out/>
  <testcase classname="test.Testclass3" name="method3" time="2.016"/>
  <system-out/>
</testsuite> <!-- test.Testclass3 -->
